<?xml version="1.0" encoding="UTF-8"?>
<testsuite xmlns:xsi="http://www.w3.org/2001/XMLSchema-instance" xsi:noNamespaceSchemaLocation="https://maven.apache.org/surefire/maven-surefire-plugin/xsd/surefire-test-report.xsd" name="com.softtron.pinmaologin.configs.Test1" time="0.66" tests="3" errors="3" skipped="0" failures="0">
  <properties>
    <property name="sun.desktop" value="windows"/>
    <property name="awt.toolkit" value="sun.awt.windows.WToolkit"/>
    <property name="file.encoding.pkg" value="sun.io"/>
    <property name="java.specification.version" value="1.8"/>
    <property name="sun.cpu.isalist" value="amd64"/>
    <property name="sun.jnu.encoding" value="GBK"/>
    <property name="java.class.path" value="C:\Users\Administrator\Desktop\pinmaologin\target\test-classes;C:\Users\Administrator\Desktop\pinmaologin\target\classes;E:\respsitory\org\springframework\boot\spring-boot-starter-web\2.1.1.RELEASE\spring-boot-starter-web-2.1.1.RELEASE.jar;E:\respsitory\org\springframework\boot\spring-boot-starter\2.1.1.RELEASE\spring-boot-starter-2.1.1.RELEASE.jar;E:\respsitory\org\springframework\boot\spring-boot\2.1.1.RELEASE\spring-boot-2.1.1.RELEASE.jar;E:\respsitory\javax\annotation\javax.annotation-api\1.3.2\javax.annotation-api-1.3.2.jar;E:\respsitory\org\yaml\snakeyaml\1.23\snakeyaml-1.23.jar;E:\respsitory\org\springframework\boot\spring-boot-starter-json\2.1.1.RELEASE\spring-boot-starter-json-2.1.1.RELEASE.jar;E:\respsitory\com\fasterxml\jackson\core\jackson-databind\2.9.7\jackson-databind-2.9.7.jar;E:\respsitory\com\fasterxml\jackson\core\jackson-annotations\2.9.0\jackson-annotations-2.9.0.jar;E:\respsitory\com\fasterxml\jackson\core\jackson-core\2.9.7\jackson-core-2.9.7.jar;E:\respsitory\com\fasterxml\jackson\datatype\jackson-datatype-jdk8\2.9.7\jackson-datatype-jdk8-2.9.7.jar;E:\respsitory\com\fasterxml\jackson\datatype\jackson-datatype-jsr310\2.9.7\jackson-datatype-jsr310-2.9.7.jar;E:\respsitory\com\fasterxml\jackson\module\jackson-module-parameter-names\2.9.7\jackson-module-parameter-names-2.9.7.jar;E:\respsitory\org\springframework\boot\spring-boot-starter-tomcat\2.1.1.RELEASE\spring-boot-starter-tomcat-2.1.1.RELEASE.jar;E:\respsitory\org\apache\tomcat\embed\tomcat-embed-core\9.0.13\tomcat-embed-core-9.0.13.jar;E:\respsitory\org\apache\tomcat\embed\tomcat-embed-el\9.0.13\tomcat-embed-el-9.0.13.jar;E:\respsitory\org\apache\tomcat\embed\tomcat-embed-websocket\9.0.13\tomcat-embed-websocket-9.0.13.jar;E:\respsitory\org\hibernate\validator\hibernate-validator\6.0.13.Final\hibernate-validator-6.0.13.Final.jar;E:\respsitory\javax\validation\validation-api\2.0.1.Final\validation-api-2.0.1.Final.jar;E:\respsitory\org\jboss\logging\jboss-logging\3.3.2.Final\jboss-logging-3.3.2.Final.jar;E:\respsitory\com\fasterxml\classmate\1.4.0\classmate-1.4.0.jar;E:\respsitory\org\springframework\spring-web\5.1.3.RELEASE\spring-web-5.1.3.RELEASE.jar;E:\respsitory\org\springframework\spring-beans\5.1.3.RELEASE\spring-beans-5.1.3.RELEASE.jar;E:\respsitory\org\springframework\spring-webmvc\5.1.3.RELEASE\spring-webmvc-5.1.3.RELEASE.jar;E:\respsitory\org\springframework\spring-context\5.1.3.RELEASE\spring-context-5.1.3.RELEASE.jar;E:\respsitory\org\springframework\spring-expression\5.1.3.RELEASE\spring-expression-5.1.3.RELEASE.jar;E:\respsitory\org\springframework\boot\spring-boot-starter-aop\2.1.1.RELEASE\spring-boot-starter-aop-2.1.1.RELEASE.jar;E:\respsitory\org\springframework\spring-aop\5.1.3.RELEASE\spring-aop-5.1.3.RELEASE.jar;E:\respsitory\org\aspectj\aspectjweaver\1.9.2\aspectjweaver-1.9.2.jar;E:\respsitory\org\springframework\boot\spring-boot-starter-log4j2\2.1.1.RELEASE\spring-boot-starter-log4j2-2.1.1.RELEASE.jar;E:\respsitory\org\apache\logging\log4j\log4j-slf4j-impl\2.11.1\log4j-slf4j-impl-2.11.1.jar;E:\respsitory\org\apache\logging\log4j\log4j-api\2.11.1\log4j-api-2.11.1.jar;E:\respsitory\org\apache\logging\log4j\log4j-core\2.11.1\log4j-core-2.11.1.jar;E:\respsitory\org\apache\logging\log4j\log4j-jul\2.11.1\log4j-jul-2.11.1.jar;E:\respsitory\org\slf4j\jul-to-slf4j\1.7.25\jul-to-slf4j-1.7.25.jar;E:\respsitory\org\springframework\boot\spring-boot-starter-test\2.1.1.RELEASE\spring-boot-starter-test-2.1.1.RELEASE.jar;E:\respsitory\org\springframework\boot\spring-boot-test\2.1.1.RELEASE\spring-boot-test-2.1.1.RELEASE.jar;E:\respsitory\org\springframework\boot\spring-boot-test-autoconfigure\2.1.1.RELEASE\spring-boot-test-autoconfigure-2.1.1.RELEASE.jar;E:\respsitory\com\jayway\jsonpath\json-path\2.4.0\json-path-2.4.0.jar;E:\respsitory\net\minidev\json-smart\2.3\json-smart-2.3.jar;E:\respsitory\net\minidev\accessors-smart\1.2\accessors-smart-1.2.jar;E:\respsitory\org\ow2\asm\asm\5.0.4\asm-5.0.4.jar;E:\respsitory\junit\junit\4.12\junit-4.12.jar;E:\respsitory\org\assertj\assertj-core\3.11.1\assertj-core-3.11.1.jar;E:\respsitory\org\mockito\mockito-core\2.23.4\mockito-core-2.23.4.jar;E:\respsitory\net\bytebuddy\byte-buddy\1.9.5\byte-buddy-1.9.5.jar;E:\respsitory\net\bytebuddy\byte-buddy-agent\1.9.5\byte-buddy-agent-1.9.5.jar;E:\respsitory\org\objenesis\objenesis\2.6\objenesis-2.6.jar;E:\respsitory\org\hamcrest\hamcrest-core\1.3\hamcrest-core-1.3.jar;E:\respsitory\org\hamcrest\hamcrest-library\1.3\hamcrest-library-1.3.jar;E:\respsitory\org\skyscreamer\jsonassert\1.5.0\jsonassert-1.5.0.jar;E:\respsitory\com\vaadin\external\google\android-json\0.0.20131108.vaadin1\android-json-0.0.20131108.vaadin1.jar;E:\respsitory\org\springframework\spring-core\5.1.3.RELEASE\spring-core-5.1.3.RELEASE.jar;E:\respsitory\org\springframework\spring-jcl\5.1.3.RELEASE\spring-jcl-5.1.3.RELEASE.jar;E:\respsitory\org\springframework\spring-test\5.1.3.RELEASE\spring-test-5.1.3.RELEASE.jar;E:\respsitory\org\xmlunit\xmlunit-core\2.6.2\xmlunit-core-2.6.2.jar;E:\respsitory\org\mybatis\spring\boot\mybatis-spring-boot-starter\2.1.1\mybatis-spring-boot-starter-2.1.1.jar;E:\respsitory\org\springframework\boot\spring-boot-starter-jdbc\2.1.1.RELEASE\spring-boot-starter-jdbc-2.1.1.RELEASE.jar;E:\respsitory\com\zaxxer\HikariCP\3.2.0\HikariCP-3.2.0.jar;E:\respsitory\org\springframework\spring-jdbc\5.1.3.RELEASE\spring-jdbc-5.1.3.RELEASE.jar;E:\respsitory\org\springframework\spring-tx\5.1.3.RELEASE\spring-tx-5.1.3.RELEASE.jar;E:\respsitory\org\mybatis\spring\boot\mybatis-spring-boot-autoconfigure\2.1.1\mybatis-spring-boot-autoconfigure-2.1.1.jar;E:\respsitory\org\mybatis\mybatis\3.5.3\mybatis-3.5.3.jar;E:\respsitory\org\mybatis\mybatis-spring\2.0.3\mybatis-spring-2.0.3.jar;E:\respsitory\com\alibaba\druid-spring-boot-starter\1.1.20\druid-spring-boot-starter-1.1.20.jar;E:\respsitory\com\alibaba\druid\1.1.20\druid-1.1.20.jar;E:\respsitory\org\slf4j\slf4j-api\1.7.25\slf4j-api-1.7.25.jar;E:\respsitory\org\springframework\boot\spring-boot-autoconfigure\2.1.1.RELEASE\spring-boot-autoconfigure-2.1.1.RELEASE.jar;E:\respsitory\mysql\mysql-connector-java\8.0.13\mysql-connector-java-8.0.13.jar;E:\respsitory\org\apache\shiro\shiro-spring\1.4.0\shiro-spring-1.4.0.jar;E:\respsitory\org\apache\shiro\shiro-core\1.4.0\shiro-core-1.4.0.jar;E:\respsitory\org\apache\shiro\shiro-lang\1.4.0\shiro-lang-1.4.0.jar;E:\respsitory\org\apache\shiro\shiro-cache\1.4.0\shiro-cache-1.4.0.jar;E:\respsitory\org\apache\shiro\shiro-crypto-hash\1.4.0\shiro-crypto-hash-1.4.0.jar;E:\respsitory\org\apache\shiro\shiro-crypto-core\1.4.0\shiro-crypto-core-1.4.0.jar;E:\respsitory\org\apache\shiro\shiro-crypto-cipher\1.4.0\shiro-crypto-cipher-1.4.0.jar;E:\respsitory\org\apache\shiro\shiro-config-core\1.4.0\shiro-config-core-1.4.0.jar;E:\respsitory\org\apache\shiro\shiro-config-ogdl\1.4.0\shiro-config-ogdl-1.4.0.jar;E:\respsitory\commons-beanutils\commons-beanutils\1.9.3\commons-beanutils-1.9.3.jar;E:\respsitory\commons-collections\commons-collections\3.2.2\commons-collections-3.2.2.jar;E:\respsitory\org\apache\shiro\shiro-event\1.4.0\shiro-event-1.4.0.jar;E:\respsitory\org\apache\shiro\shiro-web\1.4.0\shiro-web-1.4.0.jar;"/>
    <property name="java.vm.vendor" value="Oracle Corporation"/>
    <property name="sun.arch.data.model" value="64"/>
    <property name="user.variant" value=""/>
    <property name="java.vendor.url" value="http://java.oracle.com/"/>
    <property name="user.timezone" value="Asia/Shanghai"/>
    <property name="java.vm.specification.version" value="1.8"/>
    <property name="os.name" value="Windows 7"/>
    <property name="user.country" value="CN"/>
    <property name="sun.java.launcher" value="SUN_STANDARD"/>
    <property name="sun.boot.library.path" value="C:\jdk1.8.0_91\jre\bin"/>
    <property name="sun.java.command" value="C:\Users\ADMINI~1\AppData\Local\Temp\surefire2613832826093208111\surefirebooter5247937010165608580.jar C:\Users\Administrator\AppData\Local\Temp\surefire2613832826093208111 2019-11-06T18-48-10_638-jvmRun1 surefire8058365681190027081tmp surefire_08165515107888689518tmp"/>
    <property name="surefire.test.class.path" value="C:\Users\Administrator\Desktop\pinmaologin\target\test-classes;C:\Users\Administrator\Desktop\pinmaologin\target\classes;E:\respsitory\org\springframework\boot\spring-boot-starter-web\2.1.1.RELEASE\spring-boot-starter-web-2.1.1.RELEASE.jar;E:\respsitory\org\springframework\boot\spring-boot-starter\2.1.1.RELEASE\spring-boot-starter-2.1.1.RELEASE.jar;E:\respsitory\org\springframework\boot\spring-boot\2.1.1.RELEASE\spring-boot-2.1.1.RELEASE.jar;E:\respsitory\javax\annotation\javax.annotation-api\1.3.2\javax.annotation-api-1.3.2.jar;E:\respsitory\org\yaml\snakeyaml\1.23\snakeyaml-1.23.jar;E:\respsitory\org\springframework\boot\spring-boot-starter-json\2.1.1.RELEASE\spring-boot-starter-json-2.1.1.RELEASE.jar;E:\respsitory\com\fasterxml\jackson\core\jackson-databind\2.9.7\jackson-databind-2.9.7.jar;E:\respsitory\com\fasterxml\jackson\core\jackson-annotations\2.9.0\jackson-annotations-2.9.0.jar;E:\respsitory\com\fasterxml\jackson\core\jackson-core\2.9.7\jackson-core-2.9.7.jar;E:\respsitory\com\fasterxml\jackson\datatype\jackson-datatype-jdk8\2.9.7\jackson-datatype-jdk8-2.9.7.jar;E:\respsitory\com\fasterxml\jackson\datatype\jackson-datatype-jsr310\2.9.7\jackson-datatype-jsr310-2.9.7.jar;E:\respsitory\com\fasterxml\jackson\module\jackson-module-parameter-names\2.9.7\jackson-module-parameter-names-2.9.7.jar;E:\respsitory\org\springframework\boot\spring-boot-starter-tomcat\2.1.1.RELEASE\spring-boot-starter-tomcat-2.1.1.RELEASE.jar;E:\respsitory\org\apache\tomcat\embed\tomcat-embed-core\9.0.13\tomcat-embed-core-9.0.13.jar;E:\respsitory\org\apache\tomcat\embed\tomcat-embed-el\9.0.13\tomcat-embed-el-9.0.13.jar;E:\respsitory\org\apache\tomcat\embed\tomcat-embed-websocket\9.0.13\tomcat-embed-websocket-9.0.13.jar;E:\respsitory\org\hibernate\validator\hibernate-validator\6.0.13.Final\hibernate-validator-6.0.13.Final.jar;E:\respsitory\javax\validation\validation-api\2.0.1.Final\validation-api-2.0.1.Final.jar;E:\respsitory\org\jboss\logging\jboss-logging\3.3.2.Final\jboss-logging-3.3.2.Final.jar;E:\respsitory\com\fasterxml\classmate\1.4.0\classmate-1.4.0.jar;E:\respsitory\org\springframework\spring-web\5.1.3.RELEASE\spring-web-5.1.3.RELEASE.jar;E:\respsitory\org\springframework\spring-beans\5.1.3.RELEASE\spring-beans-5.1.3.RELEASE.jar;E:\respsitory\org\springframework\spring-webmvc\5.1.3.RELEASE\spring-webmvc-5.1.3.RELEASE.jar;E:\respsitory\org\springframework\spring-context\5.1.3.RELEASE\spring-context-5.1.3.RELEASE.jar;E:\respsitory\org\springframework\spring-expression\5.1.3.RELEASE\spring-expression-5.1.3.RELEASE.jar;E:\respsitory\org\springframework\boot\spring-boot-starter-aop\2.1.1.RELEASE\spring-boot-starter-aop-2.1.1.RELEASE.jar;E:\respsitory\org\springframework\spring-aop\5.1.3.RELEASE\spring-aop-5.1.3.RELEASE.jar;E:\respsitory\org\aspectj\aspectjweaver\1.9.2\aspectjweaver-1.9.2.jar;E:\respsitory\org\springframework\boot\spring-boot-starter-log4j2\2.1.1.RELEASE\spring-boot-starter-log4j2-2.1.1.RELEASE.jar;E:\respsitory\org\apache\logging\log4j\log4j-slf4j-impl\2.11.1\log4j-slf4j-impl-2.11.1.jar;E:\respsitory\org\apache\logging\log4j\log4j-api\2.11.1\log4j-api-2.11.1.jar;E:\respsitory\org\apache\logging\log4j\log4j-core\2.11.1\log4j-core-2.11.1.jar;E:\respsitory\org\apache\logging\log4j\log4j-jul\2.11.1\log4j-jul-2.11.1.jar;E:\respsitory\org\slf4j\jul-to-slf4j\1.7.25\jul-to-slf4j-1.7.25.jar;E:\respsitory\org\springframework\boot\spring-boot-starter-test\2.1.1.RELEASE\spring-boot-starter-test-2.1.1.RELEASE.jar;E:\respsitory\org\springframework\boot\spring-boot-test\2.1.1.RELEASE\spring-boot-test-2.1.1.RELEASE.jar;E:\respsitory\org\springframework\boot\spring-boot-test-autoconfigure\2.1.1.RELEASE\spring-boot-test-autoconfigure-2.1.1.RELEASE.jar;E:\respsitory\com\jayway\jsonpath\json-path\2.4.0\json-path-2.4.0.jar;E:\respsitory\net\minidev\json-smart\2.3\json-smart-2.3.jar;E:\respsitory\net\minidev\accessors-smart\1.2\accessors-smart-1.2.jar;E:\respsitory\org\ow2\asm\asm\5.0.4\asm-5.0.4.jar;E:\respsitory\junit\junit\4.12\junit-4.12.jar;E:\respsitory\org\assertj\assertj-core\3.11.1\assertj-core-3.11.1.jar;E:\respsitory\org\mockito\mockito-core\2.23.4\mockito-core-2.23.4.jar;E:\respsitory\net\bytebuddy\byte-buddy\1.9.5\byte-buddy-1.9.5.jar;E:\respsitory\net\bytebuddy\byte-buddy-agent\1.9.5\byte-buddy-agent-1.9.5.jar;E:\respsitory\org\objenesis\objenesis\2.6\objenesis-2.6.jar;E:\respsitory\org\hamcrest\hamcrest-core\1.3\hamcrest-core-1.3.jar;E:\respsitory\org\hamcrest\hamcrest-library\1.3\hamcrest-library-1.3.jar;E:\respsitory\org\skyscreamer\jsonassert\1.5.0\jsonassert-1.5.0.jar;E:\respsitory\com\vaadin\external\google\android-json\0.0.20131108.vaadin1\android-json-0.0.20131108.vaadin1.jar;E:\respsitory\org\springframework\spring-core\5.1.3.RELEASE\spring-core-5.1.3.RELEASE.jar;E:\respsitory\org\springframework\spring-jcl\5.1.3.RELEASE\spring-jcl-5.1.3.RELEASE.jar;E:\respsitory\org\springframework\spring-test\5.1.3.RELEASE\spring-test-5.1.3.RELEASE.jar;E:\respsitory\org\xmlunit\xmlunit-core\2.6.2\xmlunit-core-2.6.2.jar;E:\respsitory\org\mybatis\spring\boot\mybatis-spring-boot-starter\2.1.1\mybatis-spring-boot-starter-2.1.1.jar;E:\respsitory\org\springframework\boot\spring-boot-starter-jdbc\2.1.1.RELEASE\spring-boot-starter-jdbc-2.1.1.RELEASE.jar;E:\respsitory\com\zaxxer\HikariCP\3.2.0\HikariCP-3.2.0.jar;E:\respsitory\org\springframework\spring-jdbc\5.1.3.RELEASE\spring-jdbc-5.1.3.RELEASE.jar;E:\respsitory\org\springframework\spring-tx\5.1.3.RELEASE\spring-tx-5.1.3.RELEASE.jar;E:\respsitory\org\mybatis\spring\boot\mybatis-spring-boot-autoconfigure\2.1.1\mybatis-spring-boot-autoconfigure-2.1.1.jar;E:\respsitory\org\mybatis\mybatis\3.5.3\mybatis-3.5.3.jar;E:\respsitory\org\mybatis\mybatis-spring\2.0.3\mybatis-spring-2.0.3.jar;E:\respsitory\com\alibaba\druid-spring-boot-starter\1.1.20\druid-spring-boot-starter-1.1.20.jar;E:\respsitory\com\alibaba\druid\1.1.20\druid-1.1.20.jar;E:\respsitory\org\slf4j\slf4j-api\1.7.25\slf4j-api-1.7.25.jar;E:\respsitory\org\springframework\boot\spring-boot-autoconfigure\2.1.1.RELEASE\spring-boot-autoconfigure-2.1.1.RELEASE.jar;E:\respsitory\mysql\mysql-connector-java\8.0.13\mysql-connector-java-8.0.13.jar;E:\respsitory\org\apache\shiro\shiro-spring\1.4.0\shiro-spring-1.4.0.jar;E:\respsitory\org\apache\shiro\shiro-core\1.4.0\shiro-core-1.4.0.jar;E:\respsitory\org\apache\shiro\shiro-lang\1.4.0\shiro-lang-1.4.0.jar;E:\respsitory\org\apache\shiro\shiro-cache\1.4.0\shiro-cache-1.4.0.jar;E:\respsitory\org\apache\shiro\shiro-crypto-hash\1.4.0\shiro-crypto-hash-1.4.0.jar;E:\respsitory\org\apache\shiro\shiro-crypto-core\1.4.0\shiro-crypto-core-1.4.0.jar;E:\respsitory\org\apache\shiro\shiro-crypto-cipher\1.4.0\shiro-crypto-cipher-1.4.0.jar;E:\respsitory\org\apache\shiro\shiro-config-core\1.4.0\shiro-config-core-1.4.0.jar;E:\respsitory\org\apache\shiro\shiro-config-ogdl\1.4.0\shiro-config-ogdl-1.4.0.jar;E:\respsitory\commons-beanutils\commons-beanutils\1.9.3\commons-beanutils-1.9.3.jar;E:\respsitory\commons-collections\commons-collections\3.2.2\commons-collections-3.2.2.jar;E:\respsitory\org\apache\shiro\shiro-event\1.4.0\shiro-event-1.4.0.jar;E:\respsitory\org\apache\shiro\shiro-web\1.4.0\shiro-web-1.4.0.jar;"/>
    <property name="sun.cpu.endian" value="little"/>
    <property name="user.home" value="C:\Users\Administrator"/>
    <property name="user.language" value="zh"/>
    <property name="java.specification.vendor" value="Oracle Corporation"/>
    <property name="java.home" value="C:\jdk1.8.0_91\jre"/>
    <property name="basedir" value="C:\Users\Administrator\Desktop\pinmaologin"/>
    <property name="file.separator" value="\"/>
    <property name="line.separator" value="&#10;"/>
    <property name="java.vm.specification.vendor" value="Oracle Corporation"/>
    <property name="java.specification.name" value="Java Platform API Specification"/>
    <property name="java.awt.graphicsenv" value="sun.awt.Win32GraphicsEnvironment"/>
    <property name="surefire.real.class.path" value="C:\Users\ADMINI~1\AppData\Local\Temp\surefire2613832826093208111\surefirebooter5247937010165608580.jar"/>
    <property name="sun.boot.class.path" value="C:\jdk1.8.0_91\jre\lib\resources.jar;C:\jdk1.8.0_91\jre\lib\rt.jar;C:\jdk1.8.0_91\jre\lib\sunrsasign.jar;C:\jdk1.8.0_91\jre\lib\jsse.jar;C:\jdk1.8.0_91\jre\lib\jce.jar;C:\jdk1.8.0_91\jre\lib\charsets.jar;C:\jdk1.8.0_91\jre\lib\jfr.jar;C:\jdk1.8.0_91\jre\classes"/>
    <property name="user.script" value=""/>
    <property name="sun.management.compiler" value="HotSpot 64-Bit Tiered Compilers"/>
    <property name="java.runtime.version" value="1.8.0_91-b15"/>
    <property name="user.name" value="Administrator"/>
    <property name="path.separator" value=";"/>
    <property name="os.version" value="6.1"/>
    <property name="java.endorsed.dirs" value="C:\jdk1.8.0_91\jre\lib\endorsed"/>
    <property name="java.runtime.name" value="Java(TM) SE Runtime Environment"/>
    <property name="file.encoding" value="GBK"/>
    <property name="java.vm.name" value="Java HotSpot(TM) 64-Bit Server VM"/>
    <property name="localRepository" value="E:\respsitory"/>
    <property name="java.vendor.url.bug" value="http://bugreport.sun.com/bugreport/"/>
    <property name="java.io.tmpdir" value="C:\Users\ADMINI~1\AppData\Local\Temp\"/>
    <property name="java.version" value="1.8.0_91"/>
    <property name="user.dir" value="C:\Users\Administrator\Desktop\pinmaologin"/>
    <property name="os.arch" value="amd64"/>
    <property name="java.vm.specification.name" value="Java Virtual Machine Specification"/>
    <property name="java.awt.printerjob" value="sun.awt.windows.WPrinterJob"/>
    <property name="sun.os.patch.level" value="Service Pack 1"/>
    <property name="java.library.path" value="C:\jdk1.8.0_91\jre\bin;C:\Windows\Sun\Java\bin;C:\Windows\system32;C:\Windows;D:/java/bin/server;D:/java/bin;D:/java/lib/amd64;C:\Windows\system32;C:\Windows;C:\Windows\system32\wbem;D:\nodejs\;C:\Program Files\MySQL\MySQL Server 5.7\bin;C:\Program Files\Java\apache-maven-3.6.2\bin;C:\jdk1.8.0_91;C:\jdk1.8.0_91/bin;C:\Users\Administrator\AppData\Roaming\npm;C:\Users\Administrator\Desktop;;."/>
    <property name="java.vm.info" value="mixed mode"/>
    <property name="java.vendor" value="Oracle Corporation"/>
    <property name="java.vm.version" value="25.91-b15"/>
    <property name="java.ext.dirs" value="C:\jdk1.8.0_91\jre\lib\ext;C:\Windows\Sun\Java\lib\ext"/>
    <property name="sun.io.unicode.encoding" value="UnicodeLittle"/>
    <property name="java.class.version" value="52.0"/>
  </properties>
  <testcase name="initializationError" classname="com.softtron.pinmaologin.configs.Test1" time="0.005">
    <error message="The class com.softtron.pinmaologin.configs.Test1 is not public." type="java.lang.Exception">java.lang.Exception: The class com.softtron.pinmaologin.configs.Test1 is not public.
</error>
  </testcase>
  <testcase name="initializationError" classname="com.softtron.pinmaologin.configs.Test1" time="0">
    <error message="Test class should have exactly one public constructor" type="java.lang.Exception">java.lang.Exception: Test class should have exactly one public constructor
</error>
  </testcase>
  <testcase name="initializationError" classname="com.softtron.pinmaologin.configs.Test1" time="0">
    <error message="Method test() should be public" type="java.lang.Exception">java.lang.Exception: Method test() should be public
</error>
  </testcase>
</testsuite>